<?xml version="1.0" encoding="UTF-8"?>
<testng-results ignored="0" total="1" passed="1" failed="0" skipped="0">
  <reporter-output>
  </reporter-output>
  <suite started-at="2023-08-22T19:35:26 IST" name="Default suite" finished-at="2023-08-22T19:35:26 IST" duration-ms="52">
    <groups>
    </groups>
    <test started-at="2023-08-22T19:35:26 IST" name="Default test" finished-at="2023-08-22T19:35:26 IST" duration-ms="52">
      <class name="Sample.Demo1Test">
        <test-method signature="Test1()[pri:0, instance:Sample.Demo1Test@73700b80]" started-at="2023-08-22T19:35:26 IST" name="Test1" finished-at="2023-08-22T19:35:26 IST" duration-ms="9" status="PASS">
          <reporter-output>
          </reporter-output>
        </test-method> <!-- Test1 -->
      </class> <!-- Sample.Demo1Test -->
    </test> <!-- Default test -->
  </suite> <!-- Default suite -->
</testng-results>
